2023-01-18 09:54:48.007  INFO 12904 --- [main] i.s.userprofile.UserprofileApplication   : Starting UserprofileApplication using Java 17.0.5 on LAPTOP-RIEJ6Q5B with PID 12904 (C:\Users\Admin\Assignments\Practice\SpringBootHackathorn\contactapi\userprofile\target\classes started by Admin in C:\Users\Admin\Assignments\Practice\SpringBootHackathorn\contactapi)
2023-01-18 09:54:48.019 DEBUG 12904 --- [main] i.s.userprofile.UserprofileApplication   : Running with Spring Boot v2.7.8-SNAPSHOT, Spring v5.3.25
2023-01-18 09:54:48.022  INFO 12904 --- [main] i.s.userprofile.UserprofileApplication   : No active profile set, falling back to 1 default profile: "default"
2023-01-18 09:54:49.975  INFO 12904 --- [main] .s.d.r.c.RepositoryConfigurationDelegate : Bootstrapping Spring Data JPA repositories in DEFAULT mode.
2023-01-18 09:54:50.222  INFO 12904 --- [main] .s.d.r.c.RepositoryConfigurationDelegate : Finished Spring Data repository scanning in 211 ms. Found 1 JPA repository interfaces.
2023-01-18 09:54:50.554  INFO 12904 --- [main] o.s.cloud.context.scope.GenericScope     : BeanFactory id=0ee9a9ba-5df5-3f0f-a612-7660b716ec34
2023-01-18 09:54:51.523  INFO 12904 --- [main] o.s.b.w.embedded.tomcat.TomcatWebServer  : Tomcat initialized with port(s): 9001 (http)
2023-01-18 09:54:51.526  INFO 12904 --- [main] o.a.catalina.core.AprLifecycleListener   : Loaded Apache Tomcat Native library [1.2.35] using APR version [1.7.0].
2023-01-18 09:54:51.527  INFO 12904 --- [main] o.a.catalina.core.AprLifecycleListener   : APR capabilities: IPv6 [true], sendfile [true], accept filters [false], random [true], UDS [true].
2023-01-18 09:54:51.528  INFO 12904 --- [main] o.a.catalina.core.AprLifecycleListener   : APR/OpenSSL configuration: useAprConnector [false], useOpenSSL [true]
2023-01-18 09:54:51.532  INFO 12904 --- [main] o.a.catalina.core.AprLifecycleListener   : OpenSSL successfully initialized [OpenSSL 1.1.1q  5 Jul 2022]
2023-01-18 09:54:51.543  INFO 12904 --- [main] o.apache.catalina.core.StandardService   : Starting service [Tomcat]
2023-01-18 09:54:51.544  INFO 12904 --- [main] org.apache.catalina.core.StandardEngine  : Starting Servlet engine: [Apache Tomcat/9.0.70]
2023-01-18 09:54:51.767  INFO 12904 --- [main] o.a.c.c.C.[Tomcat].[localhost].[/]       : Initializing Spring embedded WebApplicationContext
2023-01-18 09:54:51.768  INFO 12904 --- [main] w.s.c.ServletWebServerApplicationContext : Root WebApplicationContext: initialization completed in 3628 ms
2023-01-18 09:54:52.221  INFO 12904 --- [main] o.hibernate.jpa.internal.util.LogHelper  : HHH000204: Processing PersistenceUnitInfo [name: default]
2023-01-18 09:54:52.349  INFO 12904 --- [main] org.hibernate.Version                    : HHH000412: Hibernate ORM core version 5.6.14.Final
2023-01-18 09:54:52.684  INFO 12904 --- [main] o.hibernate.annotations.common.Version   : HCANN000001: Hibernate Commons Annotations {5.1.2.Final}
2023-01-18 09:54:52.913  INFO 12904 --- [main] com.zaxxer.hikari.HikariDataSource       : HikariPool-1 - Starting...
2023-01-18 09:54:55.300  INFO 12904 --- [main] com.zaxxer.hikari.HikariDataSource       : HikariPool-1 - Start completed.
2023-01-18 09:54:55.369  INFO 12904 --- [main] org.hibernate.dialect.Dialect            : HHH000400: Using dialect: org.hibernate.dialect.MySQL8Dialect
2023-01-18 09:54:57.056  INFO 12904 --- [main] o.h.e.t.j.p.i.JtaPlatformInitiator       : HHH000490: Using JtaPlatform implementation: [org.hibernate.engine.transaction.jta.platform.internal.NoJtaPlatform]
2023-01-18 09:54:57.065  INFO 12904 --- [main] j.LocalContainerEntityManagerFactoryBean : Initialized JPA EntityManagerFactory for persistence unit 'default'
2023-01-18 09:54:57.158  WARN 12904 --- [main] JpaBaseConfiguration$JpaWebConfiguration : spring.jpa.open-in-view is enabled by default. Therefore, database queries may be performed during view rendering. Explicitly configure spring.jpa.open-in-view to disable this warning
2023-01-18 09:54:57.229  INFO 12904 --- [main] o.s.c.openfeign.FeignClientFactoryBean   : For 'contacts-service' URL not provided. Will try picking an instance via load-balancing.
2023-01-18 09:54:58.698  INFO 12904 --- [main] DiscoveryClientOptionalArgsConfiguration : Eureka HTTP Client uses RestTemplate.
2023-01-18 09:54:58.806  WARN 12904 --- [main] iguration$LoadBalancerCaffeineWarnLogger : Spring Cloud LoadBalancer is currently working with the default cache. While this cache implementation is useful for development and tests, it's recommended to use Caffeine cache in production.You can switch to using Caffeine cache, by adding it and org.springframework.cache.caffeine.CaffeineCacheManager to the classpath.
2023-01-18 09:54:58.826  INFO 12904 --- [main] o.s.c.n.eureka.InstanceInfoFactory       : Setting initial instance status as: STARTING
2023-01-18 09:54:58.895  INFO 12904 --- [main] com.netflix.discovery.DiscoveryClient    : Initializing Eureka in region us-east-1
2023-01-18 09:54:58.918  INFO 12904 --- [main] c.n.d.s.r.aws.ConfigClusterResolver      : Resolving eureka endpoints via configuration
2023-01-18 09:54:58.942  INFO 12904 --- [main] com.netflix.discovery.DiscoveryClient    : Disable delta property : false
2023-01-18 09:54:58.943  INFO 12904 --- [main] com.netflix.discovery.DiscoveryClient    : Single vip registry refresh property : null
2023-01-18 09:54:58.943  INFO 12904 --- [main] com.netflix.discovery.DiscoveryClient    : Force full registry fetch : false
2023-01-18 09:54:58.943  INFO 12904 --- [main] com.netflix.discovery.DiscoveryClient    : Application is null : false
2023-01-18 09:54:58.943  INFO 12904 --- [main] com.netflix.discovery.DiscoveryClient    : Registered Applications size is zero : true
2023-01-18 09:54:58.943  INFO 12904 --- [main] com.netflix.discovery.DiscoveryClient    : Application version is -1: true
2023-01-18 09:54:58.943  INFO 12904 --- [main] com.netflix.discovery.DiscoveryClient    : Getting all instance registry info from the eureka server
2023-01-18 09:54:59.469  INFO 12904 --- [main] com.netflix.discovery.DiscoveryClient    : The response status is 200
2023-01-18 09:54:59.475  INFO 12904 --- [main] com.netflix.discovery.DiscoveryClient    : Starting heartbeat executor: renew interval is: 30
2023-01-18 09:54:59.478  INFO 12904 --- [main] c.n.discovery.InstanceInfoReplicator     : InstanceInfoReplicator onDemand update allowed rate per min is 4
2023-01-18 09:54:59.484  INFO 12904 --- [main] com.netflix.discovery.DiscoveryClient    : Discovery Client initialized at timestamp 1674015899483 with initial instances count: 1
2023-01-18 09:54:59.488  INFO 12904 --- [main] o.s.c.n.e.s.EurekaServiceRegistry        : Registering application USER-PROFILE-SERVICE with eureka with status UP
2023-01-18 09:54:59.489  INFO 12904 --- [main] com.netflix.discovery.DiscoveryClient    : Saw local status change event StatusChangeEvent [timestamp=1674015899489, current=UP, previous=STARTING]
2023-01-18 09:54:59.492  INFO 12904 --- [DiscoveryClient-InstanceInfoReplicator-0] com.netflix.discovery.DiscoveryClient    : DiscoveryClient_USER-PROFILE-SERVICE/host.docker.internal:user-profile-service:9001: registering service...
2023-01-18 09:54:59.542  INFO 12904 --- [main] o.s.b.w.embedded.tomcat.TomcatWebServer  : Tomcat started on port(s): 9001 (http) with context path ''
2023-01-18 09:54:59.544  INFO 12904 --- [main] .s.c.n.e.s.EurekaAutoServiceRegistration : Updating port to 9001
2023-01-18 09:54:59.547  INFO 12904 --- [DiscoveryClient-InstanceInfoReplicator-0] com.netflix.discovery.DiscoveryClient    : DiscoveryClient_USER-PROFILE-SERVICE/host.docker.internal:user-profile-service:9001 - registration status: 204
2023-01-18 09:54:59.960  INFO 12904 --- [main] i.s.userprofile.UserprofileApplication   : Started UserprofileApplication in 12.65 seconds (JVM running for 14.284)
2023-01-18 09:55:42.581  INFO 12904 --- [http-nio-9001-exec-2] o.a.c.c.C.[Tomcat].[localhost].[/]       : Initializing Spring DispatcherServlet 'dispatcherServlet'
2023-01-18 09:55:42.582  INFO 12904 --- [http-nio-9001-exec-2] o.s.web.servlet.DispatcherServlet        : Initializing Servlet 'dispatcherServlet'
2023-01-18 09:55:42.585  INFO 12904 --- [http-nio-9001-exec-2] o.s.web.servlet.DispatcherServlet        : Completed initialization in 2 ms
2023-01-18 09:55:42.913  INFO 12904 --- [http-nio-9001-exec-2] i.s.userprofile.aspect.LoggingAspect     : Inside the before advice
2023-01-18 09:55:42.916  INFO 12904 --- [http-nio-9001-exec-2] i.s.userprofile.aspect.LoggingAspect     : Target method is loginUser
2023-01-18 09:55:44.563  INFO 12904 --- [http-nio-9001-exec-2] i.s.userprofile.aspect.LoggingAspect     : Inside the After Returning advice
2023-01-18 09:55:44.563  INFO 12904 --- [http-nio-9001-exec-2] i.s.userprofile.aspect.LoggingAspect     : Target method is loginUser
2023-01-18 09:55:44.565  INFO 12904 --- [http-nio-9001-exec-2] i.s.userprofile.aspect.LoggingAspect     : Returned value is <200 OK OK,{jwt_token=eyJhbGciOiJIUzUxMiJ9.eyJleHAiOjE2NzQwMjMxNDMsImlhdCI6MTY3NDAxNTk0Mywic3ViIjoiUHVuZWV0QGdtYWlsLmNvbSIsImlzcyI6ImluLnN0YWNrcm91dGUifQ.dqJC5RelR_qdT-Ry2eaOIGRM_GHmOZdYsyl7gUsyeKh1f3gLUwxSlT41TDyVM5u7dd7CyLsz4I4TEKq_NPUCvQ, status=200, email=Puneet@gmail.com},[]>
2023-01-18 09:55:44.565  INFO 12904 --- [http-nio-9001-exec-2] i.s.userprofile.aspect.LoggingAspect     : Inside the After advice
2023-01-18 09:55:44.566  INFO 12904 --- [http-nio-9001-exec-2] i.s.userprofile.aspect.LoggingAspect     : Target method is loginUser
2023-01-18 09:55:44.567  INFO 12904 --- [http-nio-9001-exec-2] i.s.userprofile.aspect.LoggingAspect     : loginUser completed execution
2023-01-18 09:58:09.421  INFO 12904 --- [http-nio-9001-exec-3] i.s.userprofile.aspect.LoggingAspect     : Inside the before advice
2023-01-18 09:58:09.422  INFO 12904 --- [http-nio-9001-exec-3] i.s.userprofile.aspect.LoggingAspect     : Target method is loginUser
2023-01-18 09:58:09.617  INFO 12904 --- [http-nio-9001-exec-3] i.s.userprofile.aspect.LoggingAspect     : Inside the After Returning advice
2023-01-18 09:58:09.618  INFO 12904 --- [http-nio-9001-exec-3] i.s.userprofile.aspect.LoggingAspect     : Target method is loginUser
2023-01-18 09:58:09.618  INFO 12904 --- [http-nio-9001-exec-3] i.s.userprofile.aspect.LoggingAspect     : Returned value is <200 OK OK,{jwt_token=eyJhbGciOiJIUzUxMiJ9.eyJleHAiOjE2NzQwMjMyODksImlhdCI6MTY3NDAxNjA4OSwic3ViIjoiUHVuZWV0QGdtYWlsLmNvbSIsImlzcyI6ImluLnN0YWNrcm91dGUifQ.JxhyxN5P5TZpse5Xiqq1sjXc0ZaEGBmHi7nviyfsbZOHiRHnQPZnFRV9kQJnbUErPC7vnY9W72x_knCENfRmzg, status=200, email=Puneet@gmail.com},[]>
2023-01-18 09:58:09.618  INFO 12904 --- [http-nio-9001-exec-3] i.s.userprofile.aspect.LoggingAspect     : Inside the After advice
2023-01-18 09:58:09.619  INFO 12904 --- [http-nio-9001-exec-3] i.s.userprofile.aspect.LoggingAspect     : Target method is loginUser
2023-01-18 09:58:09.619  INFO 12904 --- [http-nio-9001-exec-3] i.s.userprofile.aspect.LoggingAspect     : loginUser completed execution
2023-01-18 09:58:51.390  INFO 12904 --- [http-nio-9001-exec-4] i.s.userprofile.aspect.LoggingAspect     : Inside the before advice
2023-01-18 09:58:51.391  INFO 12904 --- [http-nio-9001-exec-4] i.s.userprofile.aspect.LoggingAspect     : Target method is loginUser
2023-01-18 09:58:51.583  INFO 12904 --- [http-nio-9001-exec-4] i.s.userprofile.aspect.LoggingAspect     : Inside the After Returning advice
2023-01-18 09:58:51.583  INFO 12904 --- [http-nio-9001-exec-4] i.s.userprofile.aspect.LoggingAspect     : Target method is loginUser
2023-01-18 09:58:51.584  INFO 12904 --- [http-nio-9001-exec-4] i.s.userprofile.aspect.LoggingAspect     : Returned value is <200 OK OK,{jwt_token=eyJhbGciOiJIUzUxMiJ9.eyJleHAiOjE2NzQwMjMzMzEsImlhdCI6MTY3NDAxNjEzMSwic3ViIjoiUHVuZWV0QGdtYWlsLmNvbSIsImlzcyI6ImluLnN0YWNrcm91dGUifQ.PmPcZbtHG_nWPixH2Wsoc2apE84uv7Z1DT0x5UHFsK8IK1WwhsHvHwQqUK5HYGXqzNdXvB0vAN48KVN_ymPxcA, status=200, email=Puneet@gmail.com},[]>
2023-01-18 09:58:51.584  INFO 12904 --- [http-nio-9001-exec-4] i.s.userprofile.aspect.LoggingAspect     : Inside the After advice
2023-01-18 09:58:51.585  INFO 12904 --- [http-nio-9001-exec-4] i.s.userprofile.aspect.LoggingAspect     : Target method is loginUser
2023-01-18 09:58:51.585  INFO 12904 --- [http-nio-9001-exec-4] i.s.userprofile.aspect.LoggingAspect     : loginUser completed execution
2023-01-18 09:59:58.956  INFO 12904 --- [AsyncResolver-bootstrap-executor-0] c.n.d.s.r.aws.ConfigClusterResolver      : Resolving eureka endpoints via configuration
2023-01-18 10:04:58.971  INFO 12904 --- [AsyncResolver-bootstrap-executor-0] c.n.d.s.r.aws.ConfigClusterResolver      : Resolving eureka endpoints via configuration
2023-01-18 10:09:58.986  INFO 12904 --- [AsyncResolver-bootstrap-executor-0] c.n.d.s.r.aws.ConfigClusterResolver      : Resolving eureka endpoints via configuration
2023-01-18 10:14:58.989  INFO 12904 --- [AsyncResolver-bootstrap-executor-0] c.n.d.s.r.aws.ConfigClusterResolver      : Resolving eureka endpoints via configuration
2023-01-18 10:17:45.882  INFO 12904 --- [http-nio-9001-exec-6] i.s.userprofile.aspect.LoggingAspect     : Inside the before advice
2023-01-18 10:17:45.882  INFO 12904 --- [http-nio-9001-exec-6] i.s.userprofile.aspect.LoggingAspect     : Target method is loginUser
2023-01-18 10:17:45.957  INFO 12904 --- [http-nio-9001-exec-6] i.s.userprofile.aspect.LoggingAspect     : Inside the After Returning advice
2023-01-18 10:17:45.958  INFO 12904 --- [http-nio-9001-exec-6] i.s.userprofile.aspect.LoggingAspect     : Target method is loginUser
2023-01-18 10:17:45.959  INFO 12904 --- [http-nio-9001-exec-6] i.s.userprofile.aspect.LoggingAspect     : Returned value is <200 OK OK,{jwt_token=eyJhbGciOiJIUzUxMiJ9.eyJleHAiOjE2NzQwMjQ0NjUsImlhdCI6MTY3NDAxNzI2NSwic3ViIjoiUHVuZWV0QGdtYWlsLmNvbSIsImlzcyI6ImluLnN0YWNrcm91dGUifQ.e92kgUjxyeu4-TYWq9NROXQ4MaR8lYUd7LCS0MhFwGyxqGeQ21Qsr8A3TikenyXfr_lV5PFjKA_X5eqrDeMY-Q, status=200, email=Puneet@gmail.com},[]>
2023-01-18 10:17:45.959  INFO 12904 --- [http-nio-9001-exec-6] i.s.userprofile.aspect.LoggingAspect     : Inside the After advice
2023-01-18 10:17:45.960  INFO 12904 --- [http-nio-9001-exec-6] i.s.userprofile.aspect.LoggingAspect     : Target method is loginUser
2023-01-18 10:17:45.960  INFO 12904 --- [http-nio-9001-exec-6] i.s.userprofile.aspect.LoggingAspect     : loginUser completed execution
2023-01-18 10:19:59.004  INFO 12904 --- [AsyncResolver-bootstrap-executor-0] c.n.d.s.r.aws.ConfigClusterResolver      : Resolving eureka endpoints via configuration
2023-01-18 10:20:31.693  INFO 12904 --- [http-nio-9001-exec-8] i.s.userprofile.aspect.LoggingAspect     : Inside the before advice
2023-01-18 10:20:31.695  INFO 12904 --- [http-nio-9001-exec-8] i.s.userprofile.aspect.LoggingAspect     : Target method is loginUser
2023-01-18 10:20:31.772  INFO 12904 --- [http-nio-9001-exec-8] i.s.userprofile.aspect.LoggingAspect     : Inside the After Returning advice
2023-01-18 10:20:31.772  INFO 12904 --- [http-nio-9001-exec-8] i.s.userprofile.aspect.LoggingAspect     : Target method is loginUser
2023-01-18 10:20:31.772  INFO 12904 --- [http-nio-9001-exec-8] i.s.userprofile.aspect.LoggingAspect     : Returned value is <200 OK OK,{jwt_token=eyJhbGciOiJIUzUxMiJ9.eyJleHAiOjE2NzQwMjQ2MzEsImlhdCI6MTY3NDAxNzQzMSwic3ViIjoiUHVuZWV0QGdtYWlsLmNvbSIsImlzcyI6ImluLnN0YWNrcm91dGUifQ.SEnasAoddI-aZL8RyL5iM2cIzVwfkPic_r62LvDgGUUwDmUCu9FE_IETW-e-l51XtgFrpxm1f0ZpWRh6JO9_zw, status=200, email=Puneet@gmail.com},[]>
2023-01-18 10:20:31.772  INFO 12904 --- [http-nio-9001-exec-8] i.s.userprofile.aspect.LoggingAspect     : Inside the After advice
2023-01-18 10:20:31.772  INFO 12904 --- [http-nio-9001-exec-8] i.s.userprofile.aspect.LoggingAspect     : Target method is loginUser
2023-01-18 10:20:31.772  INFO 12904 --- [http-nio-9001-exec-8] i.s.userprofile.aspect.LoggingAspect     : loginUser completed execution
2023-01-18 10:21:47.517  INFO 12904 --- [http-nio-9001-exec-10] i.s.userprofile.aspect.LoggingAspect     : Inside the before advice
2023-01-18 10:21:47.518  INFO 12904 --- [http-nio-9001-exec-10] i.s.userprofile.aspect.LoggingAspect     : Target method is loginUser
2023-01-18 10:21:47.597  INFO 12904 --- [http-nio-9001-exec-10] i.s.userprofile.aspect.LoggingAspect     : Inside the After Returning advice
2023-01-18 10:21:47.597  INFO 12904 --- [http-nio-9001-exec-10] i.s.userprofile.aspect.LoggingAspect     : Target method is loginUser
2023-01-18 10:21:47.597  INFO 12904 --- [http-nio-9001-exec-10] i.s.userprofile.aspect.LoggingAspect     : Returned value is <200 OK OK,{jwt_token=eyJhbGciOiJIUzUxMiJ9.eyJleHAiOjE2NzQwMjQ3MDcsImlhdCI6MTY3NDAxNzUwNywic3ViIjoiUHVuZWV0QGdtYWlsLmNvbSIsImlzcyI6ImluLnN0YWNrcm91dGUifQ.RvTEid3ZamxapF8y0Vjor1rnuQ2haIWUN0Ssze1xyKNoblMiQGISkHwMzcT7DlZsXsOGnExR-l3ptdns3Bn4Lg, status=200, email=Puneet@gmail.com},[]>
2023-01-18 10:21:47.597  INFO 12904 --- [http-nio-9001-exec-10] i.s.userprofile.aspect.LoggingAspect     : Inside the After advice
2023-01-18 10:21:47.597  INFO 12904 --- [http-nio-9001-exec-10] i.s.userprofile.aspect.LoggingAspect     : Target method is loginUser
2023-01-18 10:21:47.597  INFO 12904 --- [http-nio-9001-exec-10] i.s.userprofile.aspect.LoggingAspect     : loginUser completed execution
2023-01-18 10:23:53.785  INFO 12904 --- [http-nio-9001-exec-1] i.s.userprofile.aspect.LoggingAspect     : Inside the before advice
2023-01-18 10:23:53.787  INFO 12904 --- [http-nio-9001-exec-1] i.s.userprofile.aspect.LoggingAspect     : Target method is loginUser
2023-01-18 10:23:53.978  INFO 12904 --- [http-nio-9001-exec-1] i.s.userprofile.aspect.LoggingAspect     : Inside the After Returning advice
2023-01-18 10:23:53.978  INFO 12904 --- [http-nio-9001-exec-1] i.s.userprofile.aspect.LoggingAspect     : Target method is loginUser
2023-01-18 10:23:53.978  INFO 12904 --- [http-nio-9001-exec-1] i.s.userprofile.aspect.LoggingAspect     : Returned value is <200 OK OK,{jwt_token=eyJhbGciOiJIUzUxMiJ9.eyJleHAiOjE2NzQwMjQ4MzMsImlhdCI6MTY3NDAxNzYzMywic3ViIjoiUHVuZWV0QGdtYWlsLmNvbSIsImlzcyI6ImluLnN0YWNrcm91dGUifQ.kIB1oTML3cYqrOgSb7BbFpQi3H-bD_YDden37nra9ER__IuVm-8FePqinOJm4fCp-th7tf7xJ3Uzerd_FOzu5w, status=200, email=Puneet@gmail.com},[]>
2023-01-18 10:23:53.978  INFO 12904 --- [http-nio-9001-exec-1] i.s.userprofile.aspect.LoggingAspect     : Inside the After advice
2023-01-18 10:23:53.978  INFO 12904 --- [http-nio-9001-exec-1] i.s.userprofile.aspect.LoggingAspect     : Target method is loginUser
2023-01-18 10:23:53.978  INFO 12904 --- [http-nio-9001-exec-1] i.s.userprofile.aspect.LoggingAspect     : loginUser completed execution
2023-01-18 10:24:59.020  INFO 12904 --- [AsyncResolver-bootstrap-executor-0] c.n.d.s.r.aws.ConfigClusterResolver      : Resolving eureka endpoints via configuration
2023-01-18 10:29:59.022  INFO 12904 --- [AsyncResolver-bootstrap-executor-0] c.n.d.s.r.aws.ConfigClusterResolver      : Resolving eureka endpoints via configuration
2023-01-18 10:34:59.032  INFO 12904 --- [AsyncResolver-bootstrap-executor-0] c.n.d.s.r.aws.ConfigClusterResolver      : Resolving eureka endpoints via configuration
2023-01-18 10:38:44.586  INFO 12904 --- [http-nio-9001-exec-4] i.s.userprofile.aspect.LoggingAspect     : Inside the before advice
2023-01-18 10:38:44.587  INFO 12904 --- [http-nio-9001-exec-4] i.s.userprofile.aspect.LoggingAspect     : Target method is loginUser
2023-01-18 10:38:44.731  INFO 12904 --- [http-nio-9001-exec-4] i.s.userprofile.aspect.LoggingAspect     : Inside the After Returning advice
2023-01-18 10:38:44.731  INFO 12904 --- [http-nio-9001-exec-4] i.s.userprofile.aspect.LoggingAspect     : Target method is loginUser
2023-01-18 10:38:44.731  INFO 12904 --- [http-nio-9001-exec-4] i.s.userprofile.aspect.LoggingAspect     : Returned value is <200 OK OK,{jwt_token=eyJhbGciOiJIUzUxMiJ9.eyJleHAiOjE2NzQwMjU3MjQsImlhdCI6MTY3NDAxODUyNCwic3ViIjoiUHVuZWV0QGdtYWlsLmNvbSIsImlzcyI6ImluLnN0YWNrcm91dGUifQ.UMSH95YB4JOtg20BlJTF9FLbf41NjEX4OmSyUmauGarcldYehw_mK6oH4VbAxhAnlycitiNvmlLIfggAA7UooQ, status=200, email=Puneet@gmail.com},[]>
2023-01-18 10:38:44.732  INFO 12904 --- [http-nio-9001-exec-4] i.s.userprofile.aspect.LoggingAspect     : Inside the After advice
2023-01-18 10:38:44.732  INFO 12904 --- [http-nio-9001-exec-4] i.s.userprofile.aspect.LoggingAspect     : Target method is loginUser
2023-01-18 10:38:44.732  INFO 12904 --- [http-nio-9001-exec-4] i.s.userprofile.aspect.LoggingAspect     : loginUser completed execution
2023-01-18 10:39:59.040  INFO 12904 --- [AsyncResolver-bootstrap-executor-0] c.n.d.s.r.aws.ConfigClusterResolver      : Resolving eureka endpoints via configuration
2023-01-18 10:41:03.201  INFO 12904 --- [http-nio-9001-exec-6] i.s.userprofile.aspect.LoggingAspect     : Inside the before advice
2023-01-18 10:41:03.202  INFO 12904 --- [http-nio-9001-exec-6] i.s.userprofile.aspect.LoggingAspect     : Target method is loginUser
2023-01-18 10:41:03.286  INFO 12904 --- [http-nio-9001-exec-6] i.s.userprofile.aspect.LoggingAspect     : Inside the After Returning advice
2023-01-18 10:41:03.286  INFO 12904 --- [http-nio-9001-exec-6] i.s.userprofile.aspect.LoggingAspect     : Target method is loginUser
2023-01-18 10:41:03.286  INFO 12904 --- [http-nio-9001-exec-6] i.s.userprofile.aspect.LoggingAspect     : Returned value is <200 OK OK,{jwt_token=eyJhbGciOiJIUzUxMiJ9.eyJleHAiOjE2NzQwMjU4NjMsImlhdCI6MTY3NDAxODY2Mywic3ViIjoiUHVuZWV0QGdtYWlsLmNvbSIsImlzcyI6ImluLnN0YWNrcm91dGUifQ.Svjj_neUV5gRaPbfngm9zmihzeap3lpqf2ZmZkQwyEk0lZ_bbbhHyAq1iwsO0SGlNqiDpUwk9LHund4VuRPMzA, status=200, email=Puneet@gmail.com},[]>
2023-01-18 10:41:03.287  INFO 12904 --- [http-nio-9001-exec-6] i.s.userprofile.aspect.LoggingAspect     : Inside the After advice
2023-01-18 10:41:03.287  INFO 12904 --- [http-nio-9001-exec-6] i.s.userprofile.aspect.LoggingAspect     : Target method is loginUser
2023-01-18 10:41:03.287  INFO 12904 --- [http-nio-9001-exec-6] i.s.userprofile.aspect.LoggingAspect     : loginUser completed execution
2023-01-18 10:44:59.052  INFO 12904 --- [AsyncResolver-bootstrap-executor-0] c.n.d.s.r.aws.ConfigClusterResolver      : Resolving eureka endpoints via configuration
2023-01-18 10:49:59.055  INFO 12904 --- [AsyncResolver-bootstrap-executor-0] c.n.d.s.r.aws.ConfigClusterResolver      : Resolving eureka endpoints via configuration
2023-01-18 10:54:59.061  INFO 12904 --- [AsyncResolver-bootstrap-executor-0] c.n.d.s.r.aws.ConfigClusterResolver      : Resolving eureka endpoints via configuration
2023-01-18 10:59:59.065  INFO 12904 --- [AsyncResolver-bootstrap-executor-0] c.n.d.s.r.aws.ConfigClusterResolver      : Resolving eureka endpoints via configuration
2023-01-18 11:04:59.072  INFO 12904 --- [AsyncResolver-bootstrap-executor-0] c.n.d.s.r.aws.ConfigClusterResolver      : Resolving eureka endpoints via configuration
2023-01-18 11:09:59.086  INFO 12904 --- [AsyncResolver-bootstrap-executor-0] c.n.d.s.r.aws.ConfigClusterResolver      : Resolving eureka endpoints via configuration
2023-01-18 11:14:59.092  INFO 12904 --- [AsyncResolver-bootstrap-executor-0] c.n.d.s.r.aws.ConfigClusterResolver      : Resolving eureka endpoints via configuration
2023-01-18 11:19:59.106  INFO 12904 --- [AsyncResolver-bootstrap-executor-0] c.n.d.s.r.aws.ConfigClusterResolver      : Resolving eureka endpoints via configuration
2023-01-18 11:24:59.121  INFO 12904 --- [AsyncResolver-bootstrap-executor-0] c.n.d.s.r.aws.ConfigClusterResolver      : Resolving eureka endpoints via configuration
2023-01-18 11:29:59.127  INFO 12904 --- [AsyncResolver-bootstrap-executor-0] c.n.d.s.r.aws.ConfigClusterResolver      : Resolving eureka endpoints via configuration
2023-01-18 11:30:50.507  INFO 12904 --- [http-nio-9001-exec-8] i.s.userprofile.aspect.LoggingAspect     : Inside the before advice
2023-01-18 11:30:50.509  INFO 12904 --- [http-nio-9001-exec-8] i.s.userprofile.aspect.LoggingAspect     : Target method is loginUser
2023-01-18 11:30:50.679  INFO 12904 --- [http-nio-9001-exec-8] i.s.userprofile.aspect.LoggingAspect     : Inside the After Returning advice
2023-01-18 11:30:50.679  INFO 12904 --- [http-nio-9001-exec-8] i.s.userprofile.aspect.LoggingAspect     : Target method is loginUser
2023-01-18 11:30:50.679  INFO 12904 --- [http-nio-9001-exec-8] i.s.userprofile.aspect.LoggingAspect     : Returned value is <200 OK OK,{jwt_token=eyJhbGciOiJIUzUxMiJ9.eyJleHAiOjE2NzQwMjg4NTAsImlhdCI6MTY3NDAyMTY1MCwic3ViIjoiUHVuZWV0QGdtYWlsLmNvbSIsImlzcyI6ImluLnN0YWNrcm91dGUifQ.MmljzrQQ84ODojpdI11r_W9pMfegTjC-AniMnz-hTWBGxKH3e6E2Xa9VqHC0pttBzdscAHJ7qH8qwuAECEK49A, status=200, email=Puneet@gmail.com},[]>
2023-01-18 11:30:50.679  INFO 12904 --- [http-nio-9001-exec-8] i.s.userprofile.aspect.LoggingAspect     : Inside the After advice
2023-01-18 11:30:50.679  INFO 12904 --- [http-nio-9001-exec-8] i.s.userprofile.aspect.LoggingAspect     : Target method is loginUser
2023-01-18 11:30:50.679  INFO 12904 --- [http-nio-9001-exec-8] i.s.userprofile.aspect.LoggingAspect     : loginUser completed execution
2023-01-18 11:34:59.143  INFO 12904 --- [AsyncResolver-bootstrap-executor-0] c.n.d.s.r.aws.ConfigClusterResolver      : Resolving eureka endpoints via configuration
2023-01-18 11:35:30.840  INFO 12904 --- [http-nio-9001-exec-10] i.s.userprofile.aspect.LoggingAspect     : Inside the before advice
2023-01-18 11:35:30.841  INFO 12904 --- [http-nio-9001-exec-10] i.s.userprofile.aspect.LoggingAspect     : Target method is loginUser
2023-01-18 11:35:30.934  INFO 12904 --- [http-nio-9001-exec-10] i.s.userprofile.aspect.LoggingAspect     : Inside the After Returning advice
2023-01-18 11:35:30.941  INFO 12904 --- [http-nio-9001-exec-10] i.s.userprofile.aspect.LoggingAspect     : Target method is loginUser
2023-01-18 11:35:30.941  INFO 12904 --- [http-nio-9001-exec-10] i.s.userprofile.aspect.LoggingAspect     : Returned value is <200 OK OK,{jwt_token=eyJhbGciOiJIUzUxMiJ9.eyJleHAiOjE2NzQwMjkxMzAsImlhdCI6MTY3NDAyMTkzMCwic3ViIjoiUHVuZWV0QGdtYWlsLmNvbSIsImlzcyI6ImluLnN0YWNrcm91dGUifQ.gj9VCWb2MHHlegEHEcgctlVVwKskYtzyavclaO1RSddk2K4wADlFzsGNSdf2A84rQutIA5SfoQHtAurUr1THOA, status=200, email=Puneet@gmail.com},[]>
2023-01-18 11:35:30.941  INFO 12904 --- [http-nio-9001-exec-10] i.s.userprofile.aspect.LoggingAspect     : Inside the After advice
2023-01-18 11:35:30.941  INFO 12904 --- [http-nio-9001-exec-10] i.s.userprofile.aspect.LoggingAspect     : Target method is loginUser
2023-01-18 11:35:30.942  INFO 12904 --- [http-nio-9001-exec-10] i.s.userprofile.aspect.LoggingAspect     : loginUser completed execution
2023-01-18 11:39:59.162  INFO 12904 --- [AsyncResolver-bootstrap-executor-0] c.n.d.s.r.aws.ConfigClusterResolver      : Resolving eureka endpoints via configuration
2023-01-18 11:44:59.168  INFO 12904 --- [AsyncResolver-bootstrap-executor-0] c.n.d.s.r.aws.ConfigClusterResolver      : Resolving eureka endpoints via configuration
